<?xml version="1.0" encoding="UTF-8"?>
<testsuite name="BoardTest" tests="4" skipped="0" failures="0" errors="0" timestamp="2025-11-15T17:21:37.800Z" hostname="DESKTOP-D8J849T" time="0.031">
  <properties/>
  <testcase name="display_method_exists()" classname="BoardTest" time="0.023"/>
  <testcase name="can_place_token()" classname="BoardTest" time="0.002"/>
  <testcase name="clean_method_works()" classname="BoardTest" time="0.002"/>
  <testcase name="new_board_is_clean()" classname="BoardTest" time="0.001"/>
  <system-out><![CDATA[]]></system-out>
  <system-err><![CDATA[]]></system-err>
</testsuite>
