<?xml version="1.0" encoding="UTF-8"?>
<testsuite name="PlayerTest" tests="8" skipped="0" failures="0" errors="0" timestamp="2025-11-15T17:21:37.837Z" hostname="DESKTOP-D8J849T" time="0.03">
  <properties/>
  <testcase name="after_move_prev_square_is_empty()" classname="PlayerTest" time="0.002"/>
  <testcase name="stay_inside_throws_when_go_too_far_up()" classname="PlayerTest" time="0.003"/>
  <testcase name="Move_NONE_doesnt_move_token()" classname="PlayerTest" time="0.013"/>
  <testcase name="move_moves_token()" classname="PlayerTest" time="0.001"/>
  <testcase name="stay_inside_throws_when_go_too_far_down()" classname="PlayerTest" time="0.001"/>
  <testcase name="stay_inside_and_throws_when_go_too_far_right()" classname="PlayerTest" time="0.001"/>
  <testcase name="new_PlayerToken_is_placed_on_the_board()" classname="PlayerTest" time="0.001"/>
  <testcase name="stay_inside_and_throws_when_go_too_far_left()" classname="PlayerTest" time="0.001"/>
  <system-out><![CDATA[]]></system-out>
  <system-err><![CDATA[]]></system-err>
</testsuite>
